<?xml version="1.0" encoding="UTF-8"?>
<!-- Generated by org.testng.reporters.JUnitReportReporter -->
<testsuite hostname="IND-48NG453" failures="0" tests="2" name="ParallelTest.Test1" time="4.048" errors="0" timestamp="2021-03-21T00:47:18 IST" skipped="0">
  <testcase classname="ParallelTest.Test1" name="Login" time="2.024"/>
  <system-out/>
  <testcase classname="ParallelTest.Test1" name="Login" time="2.024"/>
  <system-out/>
</testsuite> <!-- ParallelTest.Test1 -->
