<?xml version="1.0" encoding="UTF-8"?>
<!-- Generated by org.testng.reporters.JUnitReportReporter -->
<testsuite hostname="IND-48NG453" failures="0" tests="3" name="FunctionalTestCases.test2" time="0.003" errors="0" timestamp="2021-04-04T22:45:39 IST" skipped="0">
  <testcase classname="FunctionalTestCases.test2" name="LogOff" time="0.001"/>
  <system-out/>
  <testcase classname="FunctionalTestCases.test2" name="Login" time="0.001"/>
  <system-out/>
  <testcase classname="FunctionalTestCases.test2" name="ValidateUser" time="0.001"/>
  <system-out/>
</testsuite> <!-- FunctionalTestCases.test2 -->
