<?xml version="1.0" encoding="UTF-8"?>
<!-- Generated by org.testng.reporters.JUnitReportReporter -->
<testsuite hostname="IND-48NG453" failures="0" tests="1" name="FunctionalTestCases.skipTest" time="0.000" errors="0" timestamp="2021-04-04T22:45:39 IST" skipped="1">
  <testcase classname="FunctionalTestCases.skipTest" name="testField" time="0.000">
    <skipped/>
  </testcase> <!-- testField -->
  <system-out/>
</testsuite> <!-- FunctionalTestCases.skipTest -->
