<?xml version="1.0" encoding="UTF-8"?>
<!-- Generated by org.testng.reporters.JUnitReportReporter -->
<testsuite hostname="IND-48NG453" failures="0" tests="100" name="TestCases.InvocationAndThreadCount" time="0.263" errors="0" timestamp="2021-03-21T00:56:17 IST" skipped="0">
  <testcase classname="TestCases.InvocationAndThreadCount" name="test" time="0.002"/>
  <system-out/>
  <testcase classname="TestCases.InvocationAndThreadCount" name="test" time="0.005"/>
  <system-out/>
  <testcase classname="TestCases.InvocationAndThreadCount" name="test" time="0.002"/>
  <system-out/>
  <testcase classname="TestCases.InvocationAndThreadCount" name="test" time="0.003"/>
  <system-out/>
  <testcase classname="TestCases.InvocationAndThreadCount" name="test" time="0.000"/>
  <system-out/>
  <testcase classname="TestCases.InvocationAndThreadCount" name="test" time="0.005"/>
  <system-out/>
  <testcase classname="TestCases.InvocationAndThreadCount" name="test" time="0.001"/>
  <system-out/>
  <testcase classname="TestCases.InvocationAndThreadCount" name="test" time="0.001"/>
  <system-out/>
  <testcase classname="TestCases.InvocationAndThreadCount" name="test" time="0.001"/>
  <system-out/>
  <testcase classname="TestCases.InvocationAndThreadCount" name="test" time="0.002"/>
  <system-out/>
  <testcase classname="TestCases.InvocationAndThreadCount" name="test" time="0.002"/>
  <system-out/>
  <testcase classname="TestCases.InvocationAndThreadCount" name="test" time="0.003"/>
  <system-out/>
  <testcase classname="TestCases.InvocationAndThreadCount" name="test" time="0.003"/>
  <system-out/>
  <testcase classname="TestCases.InvocationAndThreadCount" name="test" time="0.004"/>
  <system-out/>
  <testcase classname="TestCases.InvocationAndThreadCount" name="test" time="0.001"/>
  <system-out/>
  <testcase classname="TestCases.InvocationAndThreadCount" name="test" time="0.011"/>
  <system-out/>
  <testcase classname="TestCases.InvocationAndThreadCount" name="test" time="0.004"/>
  <system-out/>
  <testcase classname="TestCases.InvocationAndThreadCount" name="test" time="0.002"/>
  <system-out/>
  <testcase classname="TestCases.InvocationAndThreadCount" name="test" time="0.000"/>
  <system-out/>
  <testcase classname="TestCases.InvocationAndThreadCount" name="test" time="0.002"/>
  <system-out/>
  <testcase classname="TestCases.InvocationAndThreadCount" name="test" time="0.001"/>
  <system-out/>
  <testcase classname="TestCases.InvocationAndThreadCount" name="test" time="0.003"/>
  <system-out/>
  <testcase classname="TestCases.InvocationAndThreadCount" name="test" time="0.001"/>
  <system-out/>
  <testcase classname="TestCases.InvocationAndThreadCount" name="test" time="0.011"/>
  <system-out/>
  <testcase classname="TestCases.InvocationAndThreadCount" name="test" time="0.001"/>
  <system-out/>
  <testcase classname="TestCases.InvocationAndThreadCount" name="test" time="0.001"/>
  <system-out/>
  <testcase classname="TestCases.InvocationAndThreadCount" name="test" time="0.001"/>
  <system-out/>
  <testcase classname="TestCases.InvocationAndThreadCount" name="test" time="0.002"/>
  <system-out/>
  <testcase classname="TestCases.InvocationAndThreadCount" name="test" time="0.002"/>
  <system-out/>
  <testcase classname="TestCases.InvocationAndThreadCount" name="test" time="0.001"/>
  <system-out/>
  <testcase classname="TestCases.InvocationAndThreadCount" name="test" time="0.009"/>
  <system-out/>
  <testcase classname="TestCases.InvocationAndThreadCount" name="test" time="0.002"/>
  <system-out/>
  <testcase classname="TestCases.InvocationAndThreadCount" name="test" time="0.003"/>
  <system-out/>
  <testcase classname="TestCases.InvocationAndThreadCount" name="test" time="0.004"/>
  <system-out/>
  <testcase classname="TestCases.InvocationAndThreadCount" name="test" time="0.004"/>
  <system-out/>
  <testcase classname="TestCases.InvocationAndThreadCount" name="test" time="0.010"/>
  <system-out/>
  <testcase classname="TestCases.InvocationAndThreadCount" name="test" time="0.001"/>
  <system-out/>
  <testcase classname="TestCases.InvocationAndThreadCount" name="test" time="0.000"/>
  <system-out/>
  <testcase classname="TestCases.InvocationAndThreadCount" name="test" time="0.002"/>
  <system-out/>
  <testcase classname="TestCases.InvocationAndThreadCount" name="test" time="0.002"/>
  <system-out/>
  <testcase classname="TestCases.InvocationAndThreadCount" name="test" time="0.001"/>
  <system-out/>
  <testcase classname="TestCases.InvocationAndThreadCount" name="test" time="0.003"/>
  <system-out/>
  <testcase classname="TestCases.InvocationAndThreadCount" name="test" time="0.004"/>
  <system-out/>
  <testcase classname="TestCases.InvocationAndThreadCount" name="test" time="0.001"/>
  <system-out/>
  <testcase classname="TestCases.InvocationAndThreadCount" name="test" time="0.003"/>
  <system-out/>
  <testcase classname="TestCases.InvocationAndThreadCount" name="test" time="0.001"/>
  <system-out/>
  <testcase classname="TestCases.InvocationAndThreadCount" name="test" time="0.002"/>
  <system-out/>
  <testcase classname="TestCases.InvocationAndThreadCount" name="test" time="0.002"/>
  <system-out/>
  <testcase classname="TestCases.InvocationAndThreadCount" name="test" time="0.011"/>
  <system-out/>
  <testcase classname="TestCases.InvocationAndThreadCount" name="test" time="0.001"/>
  <system-out/>
  <testcase classname="TestCases.InvocationAndThreadCount" name="test" time="0.003"/>
  <system-out/>
  <testcase classname="TestCases.InvocationAndThreadCount" name="test" time="0.002"/>
  <system-out/>
  <testcase classname="TestCases.InvocationAndThreadCount" name="test" time="0.003"/>
  <system-out/>
  <testcase classname="TestCases.InvocationAndThreadCount" name="test" time="0.003"/>
  <system-out/>
  <testcase classname="TestCases.InvocationAndThreadCount" name="test" time="0.003"/>
  <system-out/>
  <testcase classname="TestCases.InvocationAndThreadCount" name="test" time="0.003"/>
  <system-out/>
  <testcase classname="TestCases.InvocationAndThreadCount" name="test" time="0.005"/>
  <system-out/>
  <testcase classname="TestCases.InvocationAndThreadCount" name="test" time="0.001"/>
  <system-out/>
  <testcase classname="TestCases.InvocationAndThreadCount" name="test" time="0.000"/>
  <system-out/>
  <testcase classname="TestCases.InvocationAndThreadCount" name="test" time="0.001"/>
  <system-out/>
  <testcase classname="TestCases.InvocationAndThreadCount" name="test" time="0.001"/>
  <system-out/>
  <testcase classname="TestCases.InvocationAndThreadCount" name="test" time="0.011"/>
  <system-out/>
  <testcase classname="TestCases.InvocationAndThreadCount" name="test" time="0.001"/>
  <system-out/>
  <testcase classname="TestCases.InvocationAndThreadCount" name="test" time="0.002"/>
  <system-out/>
  <testcase classname="TestCases.InvocationAndThreadCount" name="test" time="0.001"/>
  <system-out/>
  <testcase classname="TestCases.InvocationAndThreadCount" name="test" time="0.000"/>
  <system-out/>
  <testcase classname="TestCases.InvocationAndThreadCount" name="test" time="0.000"/>
  <system-out/>
  <testcase classname="TestCases.InvocationAndThreadCount" name="test" time="0.003"/>
  <system-out/>
  <testcase classname="TestCases.InvocationAndThreadCount" name="test" time="0.001"/>
  <system-out/>
  <testcase classname="TestCases.InvocationAndThreadCount" name="test" time="0.004"/>
  <system-out/>
  <testcase classname="TestCases.InvocationAndThreadCount" name="test" time="0.001"/>
  <system-out/>
  <testcase classname="TestCases.InvocationAndThreadCount" name="test" time="0.000"/>
  <system-out/>
  <testcase classname="TestCases.InvocationAndThreadCount" name="test" time="0.004"/>
  <system-out/>
  <testcase classname="TestCases.InvocationAndThreadCount" name="test" time="0.001"/>
  <system-out/>
  <testcase classname="TestCases.InvocationAndThreadCount" name="test" time="0.001"/>
  <system-out/>
  <testcase classname="TestCases.InvocationAndThreadCount" name="test" time="0.004"/>
  <system-out/>
  <testcase classname="TestCases.InvocationAndThreadCount" name="test" time="0.001"/>
  <system-out/>
  <testcase classname="TestCases.InvocationAndThreadCount" name="test" time="0.001"/>
  <system-out/>
  <testcase classname="TestCases.InvocationAndThreadCount" name="test" time="0.005"/>
  <system-out/>
  <testcase classname="TestCases.InvocationAndThreadCount" name="test" time="0.001"/>
  <system-out/>
  <testcase classname="TestCases.InvocationAndThreadCount" name="test" time="0.009"/>
  <system-out/>
  <testcase classname="TestCases.InvocationAndThreadCount" name="test" time="0.001"/>
  <system-out/>
  <testcase classname="TestCases.InvocationAndThreadCount" name="test" time="0.001"/>
  <system-out/>
  <testcase classname="TestCases.InvocationAndThreadCount" name="test" time="0.002"/>
  <system-out/>
  <testcase classname="TestCases.InvocationAndThreadCount" name="test" time="0.001"/>
  <system-out/>
  <testcase classname="TestCases.InvocationAndThreadCount" name="test" time="0.003"/>
  <system-out/>
  <testcase classname="TestCases.InvocationAndThreadCount" name="test" time="0.001"/>
  <system-out/>
  <testcase classname="TestCases.InvocationAndThreadCount" name="test" time="0.001"/>
  <system-out/>
  <testcase classname="TestCases.InvocationAndThreadCount" name="test" time="0.001"/>
  <system-out/>
  <testcase classname="TestCases.InvocationAndThreadCount" name="test" time="0.002"/>
  <system-out/>
  <testcase classname="TestCases.InvocationAndThreadCount" name="test" time="0.001"/>
  <system-out/>
  <testcase classname="TestCases.InvocationAndThreadCount" name="test" time="0.002"/>
  <system-out/>
  <testcase classname="TestCases.InvocationAndThreadCount" name="test" time="0.001"/>
  <system-out/>
  <testcase classname="TestCases.InvocationAndThreadCount" name="test" time="0.002"/>
  <system-out/>
  <testcase classname="TestCases.InvocationAndThreadCount" name="test" time="0.001"/>
  <system-out/>
  <testcase classname="TestCases.InvocationAndThreadCount" name="test" time="0.002"/>
  <system-out/>
  <testcase classname="TestCases.InvocationAndThreadCount" name="test" time="0.002"/>
  <system-out/>
  <testcase classname="TestCases.InvocationAndThreadCount" name="test" time="0.010"/>
  <system-out/>
  <testcase classname="TestCases.InvocationAndThreadCount" name="test" time="0.007"/>
  <system-out/>
  <testcase classname="TestCases.InvocationAndThreadCount" name="test" time="0.002"/>
  <system-out/>
</testsuite> <!-- TestCases.InvocationAndThreadCount -->
