<?xml version="1.0" encoding="UTF-8"?>
<!-- Generated by org.testng.reporters.JUnitReportReporter -->
<testsuite hostname="IND-48NG453" failures="0" tests="2" name="ParallelTest.parallelTestUsingDP" time="0.044" errors="0" timestamp="2021-03-21T00:47:18 IST" skipped="0">
  <testcase classname="ParallelTest.parallelTestUsingDP" name="login" time="0.022"/>
  <system-out/>
  <testcase classname="ParallelTest.parallelTestUsingDP" name="login" time="0.022"/>
  <system-out/>
</testsuite> <!-- ParallelTest.parallelTestUsingDP -->
