<?xml version="1.0" encoding="UTF-8"?>
<!-- Generated by org.testng.reporters.JUnitReportReporter -->
<testsuite hostname="IND-48NG453" failures="0" tests="3" name="TestCases.TestParameter" time="0.008" errors="0" timestamp="2021-03-20T22:45:22 IST" skipped="0">
  <testcase classname="TestCases.TestParameter" name="login" time="0.001"/>
  <system-out/>
  <testcase classname="TestCases.TestParameter" name="login" time="0.006"/>
  <system-out/>
  <testcase classname="TestCases.TestParameter" name="login" time="0.001"/>
  <system-out/>
</testsuite> <!-- TestCases.TestParameter -->
