<?xml version="1.0" encoding="UTF-8"?>
<!-- Generated by org.testng.reporters.JUnitReportReporter -->
<testsuite hostname="IND-48NG453" failures="0" tests="2" name="TestCases.excelValidation" time="0.006" errors="0" timestamp="2021-03-18T01:47:15 IST" skipped="0">
  <testcase classname="TestCases.excelValidation" name="Login" time="0.001"/>
  <system-out/>
  <testcase classname="TestCases.excelValidation" name="Login" time="0.005"/>
  <system-out/>
</testsuite> <!-- TestCases.excelValidation -->
