<?xml version="1.0" encoding="UTF-8"?>
<!-- Generated by org.testng.reporters.JUnitReportReporter -->
<testsuite hostname="IND-48NG453" failures="0" tests="1" name="com.accruent.testcases.VerifyBookNow" time="0.000" errors="0" timestamp="04 Apr 2021 19:45:06 GMT" skipped="0">
  <testcase classname="com.accruent.testcases.VerifyBookNow" name="booknow" time="0.000"/>
</testsuite> <!-- com.accruent.testcases.VerifyBookNow -->
