<?xml version="1.0" encoding="UTF-8"?>
<!-- Generated by org.testng.reporters.JUnitReportReporter -->
<testsuite hostname="IND-48NG453" failures="0" tests="1" name="com.accruent.testcases.OpenAccountTest" time="0.467" errors="0" timestamp="13 Mar 2021 20:29:45 GMT" skipped="0">
  <testcase classname="com.accruent.testcases.OpenAccountTest" name="openAccountTest" time="0.467"/>
</testsuite> <!-- com.accruent.testcases.OpenAccountTest -->
