<?xml version="1.0" encoding="UTF-8"?>
<!-- Generated by org.testng.reporters.JUnitReportReporter -->
<testsuite hostname="IND-48NG453" failures="0" tests="4" name="com.accruent.testcases.AddCustomer" time="1.710" errors="0" timestamp="13 Mar 2021 20:29:45 GMT" skipped="0">
  <testcase classname="com.accruent.testcases.AddCustomer" name="AddCustomer" time="0.367"/>
  <testcase classname="com.accruent.testcases.AddCustomer" name="AddCustomer" time="0.481"/>
  <testcase classname="com.accruent.testcases.AddCustomer" name="AddCustomer" time="0.411"/>
  <testcase classname="com.accruent.testcases.AddCustomer" name="AddCustomer" time="0.451"/>
</testsuite> <!-- com.accruent.testcases.AddCustomer -->
