<?xml version="1.0" encoding="UTF-8"?>
<!-- Generated by org.testng.reporters.JUnitReportReporter -->
<testsuite hostname="IND-48NG453" failures="0" tests="1" name="com.accruent.testcases.LoginValidation" time="14.685" errors="0" timestamp="04 Apr 2021 18:02:34 GMT" skipped="0">
  <testcase classname="com.accruent.testcases.LoginValidation" name="logInValidation" time="14.685"/>
</testsuite> <!-- com.accruent.testcases.LoginValidation -->
