<?xml version="1.0" encoding="UTF-8"?>
<!-- Generated by org.testng.reporters.JUnitReportReporter -->
<testsuite hostname="IND-48NG453" failures="0" tests="1" name="com.accruent.testcases.OpenAccountTest" time="0.587" errors="0" timestamp="04 Apr 2021 19:16:13 GMT" skipped="0">
  <testcase classname="com.accruent.testcases.OpenAccountTest" name="openAccountTest" time="0.587"/>
</testsuite> <!-- com.accruent.testcases.OpenAccountTest -->
