<?xml version="1.0" encoding="UTF-8"?>
<!-- Generated by org.testng.reporters.JUnitReportReporter -->
<testsuite hostname="IND-48NG453" failures="0" tests="4" name="com.accruent.testcases.AddCustomer" time="1.732" errors="0" timestamp="04 Apr 2021 19:16:13 GMT" skipped="0">
  <testcase classname="com.accruent.testcases.AddCustomer" name="AddCustomer" time="0.607"/>
  <testcase classname="com.accruent.testcases.AddCustomer" name="AddCustomer" time="0.397"/>
  <testcase classname="com.accruent.testcases.AddCustomer" name="AddCustomer" time="0.389"/>
  <testcase classname="com.accruent.testcases.AddCustomer" name="AddCustomer" time="0.339"/>
</testsuite> <!-- com.accruent.testcases.AddCustomer -->
