<?xml version="1.0" encoding="UTF-8"?>
<!-- Generated by org.testng.reporters.JUnitReportReporter -->
<testsuite hostname="IND-48NG453" failures="0" tests="1" name="com.accruent.testcases.LoginTest" time="0.663" errors="0" timestamp="04 Apr 2021 19:16:13 GMT" skipped="0">
  <testcase classname="com.accruent.testcases.LoginTest" name="loginAsBankManager" time="0.663"/>
</testsuite> <!-- com.accruent.testcases.LoginTest -->
